<?xml version="1.0" encoding="UTF-8"?>
<testng-results ignored="0" total="1" passed="1" failed="0" skipped="0">
  <reporter-output>
  </reporter-output>
  <suite started-at="2023-03-13T12:29:41 IST" name="Default suite" finished-at="2023-03-13T12:29:41 IST" duration-ms="114">
    <groups>
    </groups>
    <test started-at="2023-03-13T12:29:41 IST" name="Default test" finished-at="2023-03-13T12:29:41 IST" duration-ms="114">
      <class name="ustbatchno3.testNG.EmployeeTest">
        <test-method signature="testofemployee()[pri:0, instance:ustbatchno3.testNG.EmployeeTest@4b0b0854]" started-at="2023-03-13T12:29:41 IST" name="testofemployee" finished-at="2023-03-13T12:29:41 IST" duration-ms="22" status="PASS">
          <reporter-output>
          </reporter-output>
        </test-method> <!-- testofemployee -->
      </class> <!-- ustbatchno3.testNG.EmployeeTest -->
    </test> <!-- Default test -->
  </suite> <!-- Default suite -->
</testng-results>
